[debug] [2025-10-28T01:51:17.025Z] ----------------------------------------------------------------------
[debug] [2025-10-28T01:51:17.032Z] Command:       C:\Program Files\nodejs\node.exe C:\Users\felip\AppData\Roaming\npm\node_modules\firebase-tools\lib\bin\firebase.js deploy --only hosting
[debug] [2025-10-28T01:51:17.034Z] CLI Version:   14.19.1
[debug] [2025-10-28T01:51:17.034Z] Platform:      win32
[debug] [2025-10-28T01:51:17.034Z] Node Version:  v22.11.0
[debug] [2025-10-28T01:51:17.034Z] Time:          Mon Oct 27 2025 22:51:17 GMT-0300 (Hora padrão de Brasília)
[debug] [2025-10-28T01:51:17.035Z] ----------------------------------------------------------------------
[debug] 
[debug] [2025-10-28T01:51:17.039Z] >>> [apiv2][query] GET https://firebase-public.firebaseio.com/cli.json [none]
[debug] [2025-10-28T01:51:17.546Z] > command requires scopes: ["email","openid","https://www.googleapis.com/auth/cloudplatformprojects.readonly","https://www.googleapis.com/auth/firebase","https://www.googleapis.com/auth/cloud-platform"]
[debug] [2025-10-28T01:51:17.547Z] > authorizing via signed-in user (paulovitor25lemes@gmail.com)
[debug] [2025-10-28T01:51:17.547Z] [iam] checking project resolutydashboard for permissions ["firebase.projects.get","firebasehosting.sites.update"]
[debug] [2025-10-28T01:51:17.548Z] Checked if tokens are valid: false, expires at: 1761529087553
[debug] [2025-10-28T01:51:17.548Z] Checked if tokens are valid: false, expires at: 1761529087553
[debug] [2025-10-28T01:51:17.548Z] > refreshing access token with scopes: []
[debug] [2025-10-28T01:51:17.549Z] >>> [apiv2][query] POST https://www.googleapis.com/oauth2/v3/token [none]
[debug] [2025-10-28T01:51:17.549Z] >>> [apiv2][body] POST https://www.googleapis.com/oauth2/v3/token [omitted]
[debug] [2025-10-28T01:51:17.738Z] <<< [apiv2][status] POST https://www.googleapis.com/oauth2/v3/token 200
[debug] [2025-10-28T01:51:17.738Z] <<< [apiv2][body] POST https://www.googleapis.com/oauth2/v3/token [omitted]
[debug] [2025-10-28T01:51:17.747Z] >>> [apiv2][query] POST https://cloudresourcemanager.googleapis.com/v1/projects/resolutydashboard:testIamPermissions [none]
[debug] [2025-10-28T01:51:17.748Z] >>> [apiv2][(partial)header] POST https://cloudresourcemanager.googleapis.com/v1/projects/resolutydashboard:testIamPermissions x-goog-quota-user=projects/resolutydashboard
[debug] [2025-10-28T01:51:17.748Z] >>> [apiv2][body] POST https://cloudresourcemanager.googleapis.com/v1/projects/resolutydashboard:testIamPermissions {"permissions":["firebase.projects.get","firebasehosting.sites.update"]}
[debug] [2025-10-28T01:51:17.871Z] <<< [apiv2][status] GET https://firebase-public.firebaseio.com/cli.json 200
[debug] [2025-10-28T01:51:17.871Z] <<< [apiv2][body] GET https://firebase-public.firebaseio.com/cli.json {"cloudBuildErrorAfter":1594252800000,"cloudBuildWarnAfter":1590019200000,"defaultNode10After":1594252800000,"minVersion":"3.0.5","node8DeploysDisabledAfter":1613390400000,"node8RuntimeDisabledAfter":1615809600000,"node8WarnAfter":1600128000000}
[debug] [2025-10-28T01:51:18.762Z] <<< [apiv2][status] POST https://cloudresourcemanager.googleapis.com/v1/projects/resolutydashboard:testIamPermissions 200
[debug] [2025-10-28T01:51:18.763Z] <<< [apiv2][body] POST https://cloudresourcemanager.googleapis.com/v1/projects/resolutydashboard:testIamPermissions {}
[debug] [2025-10-28T01:51:18.763Z] [iam] error while checking permissions, command may fail: Authorization failed. This account is missing the following required permissions on project resolutydashboard:

  firebase.projects.get
  firebasehosting.sites.update
[debug] [2025-10-28T01:51:18.764Z] Checked if tokens are valid: true, expires at: 1761619876738
[debug] [2025-10-28T01:51:18.764Z] Checked if tokens are valid: true, expires at: 1761619876738
[debug] [2025-10-28T01:51:18.764Z] >>> [apiv2][query] GET https://firebase.googleapis.com/v1beta1/projects/resolutydashboard [none]
[debug] [2025-10-28T01:51:19.201Z] <<< [apiv2][status] GET https://firebase.googleapis.com/v1beta1/projects/resolutydashboard 403
[debug] [2025-10-28T01:51:19.201Z] <<< [apiv2][body] GET https://firebase.googleapis.com/v1beta1/projects/resolutydashboard {"error":{"code":403,"message":"The caller does not have permission","status":"PERMISSION_DENIED"}}
[debug] [2025-10-28T01:51:19.202Z] Request to https://firebase.googleapis.com/v1beta1/projects/resolutydashboard had HTTP Error: 403, The caller does not have permission
[debug] [2025-10-28T01:51:19.352Z] FirebaseError: Request to https://firebase.googleapis.com/v1beta1/projects/resolutydashboard had HTTP Error: 403, The caller does not have permission
    at responseToError (C:\Users\felip\AppData\Roaming\npm\node_modules\firebase-tools\lib\responseToError.js:52:12)
    at RetryOperation._fn (C:\Users\felip\AppData\Roaming\npm\node_modules\firebase-tools\lib\apiv2.js:312:77)
    at process.processTicksAndRejections (node:internal/process/task_queues:105:5)
[error] 
[error] Error: Failed to get Firebase project resolutydashboard. Please make sure the project exists and your account has permission to access it.
